======= 2018-05-17 08:49:45: TypeError: Cannot read property 'message' of null TypeError: Cannot read property 'message' of null
    at Object.callback (/home/oracle/flow/flow/oracle-anki-set-speed.js:93:28)
    at IncomingMessage.<anonymous> (/home/oracle/flow/node_modules/total.js/utils.js:778:12)
    at IncomingMessage.emit (events.js:185:15)
    at IncomingMessage.emit (domain.js:422:20)
    at endReadableNT (_stream_readable.js:1106:12)
    at process._tickCallback (internal/process/next_tick.js:178:19)
======= 2018-05-17 08:49:46: TypeError: Cannot read property 'message' of null TypeError: Cannot read property 'message' of null
    at Object.callback (/home/oracle/flow/flow/oracle-anki-set-speed.js:117:28)
    at IncomingMessage.<anonymous> (/home/oracle/flow/node_modules/total.js/utils.js:778:12)
    at IncomingMessage.emit (events.js:185:15)
    at IncomingMessage.emit (domain.js:422:20)
    at endReadableNT (_stream_readable.js:1106:12)
    at process._tickCallback (internal/process/next_tick.js:178:19)
======= 2018-05-17 08:49:47: TypeError: Cannot read property 'message' of null TypeError: Cannot read property 'message' of null
    at Object.callback (/home/oracle/flow/flow/oracle-anki-set-speed.js:117:28)
    at IncomingMessage.<anonymous> (/home/oracle/flow/node_modules/total.js/utils.js:778:12)
    at IncomingMessage.emit (events.js:185:15)
    at IncomingMessage.emit (domain.js:422:20)
    at endReadableNT (_stream_readable.js:1106:12)
    at process._tickCallback (internal/process/next_tick.js:178:19)
======= 2018-05-17 08:49:48: TypeError: Cannot read property 'message' of null TypeError: Cannot read property 'message' of null
    at Object.callback (/home/oracle/flow/flow/oracle-anki-set-speed.js:117:28)
    at IncomingMessage.<anonymous> (/home/oracle/flow/node_modules/total.js/utils.js:778:12)
    at IncomingMessage.emit (events.js:185:15)
    at IncomingMessage.emit (domain.js:422:20)
    at endReadableNT (_stream_readable.js:1106:12)
    at process._tickCallback (internal/process/next_tick.js:178:19)
======= 2018-05-17 08:49:49: TypeError: Cannot read property 'message' of null TypeError: Cannot read property 'message' of null
    at Object.callback (/home/oracle/flow/flow/oracle-anki-set-speed.js:117:28)
    at IncomingMessage.<anonymous> (/home/oracle/flow/node_modules/total.js/utils.js:778:12)
    at IncomingMessage.emit (events.js:185:15)
    at IncomingMessage.emit (domain.js:422:20)
    at endReadableNT (_stream_readable.js:1106:12)
    at process._tickCallback (internal/process/next_tick.js:178:19)
======= 2018-05-17 08:49:50: TypeError: Cannot read property 'message' of null TypeError: Cannot read property 'message' of null
    at Object.callback (/home/oracle/flow/flow/oracle-anki-set-speed.js:117:28)
    at IncomingMessage.<anonymous> (/home/oracle/flow/node_modules/total.js/utils.js:778:12)
    at IncomingMessage.emit (events.js:185:15)
    at IncomingMessage.emit (domain.js:422:20)
    at endReadableNT (_stream_readable.js:1106:12)
    at process._tickCallback (internal/process/next_tick.js:178:19)
======= 2018-05-17 08:49:51: TypeError: Cannot read property 'message' of null TypeError: Cannot read property 'message' of null
    at Object.callback (/home/oracle/flow/flow/oracle-anki-set-speed.js:117:28)
    at IncomingMessage.<anonymous> (/home/oracle/flow/node_modules/total.js/utils.js:778:12)
    at IncomingMessage.emit (events.js:185:15)
    at IncomingMessage.emit (domain.js:422:20)
    at endReadableNT (_stream_readable.js:1106:12)
    at process._tickCallback (internal/process/next_tick.js:178:19)
======= 2018-05-17 08:49:52: TypeError: Cannot read property 'message' of null TypeError: Cannot read property 'message' of null
    at Object.callback (/home/oracle/flow/flow/oracle-anki-set-speed.js:117:28)
    at IncomingMessage.<anonymous> (/home/oracle/flow/node_modules/total.js/utils.js:778:12)
    at IncomingMessage.emit (events.js:185:15)
    at IncomingMessage.emit (domain.js:422:20)
    at endReadableNT (_stream_readable.js:1106:12)
    at process._tickCallback (internal/process/next_tick.js:178:19)
======= 2018-05-17 08:49:54: TypeError: Cannot read property 'message' of null TypeError: Cannot read property 'message' of null
    at Object.callback (/home/oracle/flow/flow/oracle-anki-set-speed.js:117:28)
    at IncomingMessage.<anonymous> (/home/oracle/flow/node_modules/total.js/utils.js:778:12)
    at IncomingMessage.emit (events.js:185:15)
    at IncomingMessage.emit (domain.js:422:20)
    at endReadableNT (_stream_readable.js:1106:12)
    at process._tickCallback (internal/process/next_tick.js:178:19)
======= 2018-05-17 08:49:55: TypeError: Cannot read property 'message' of null TypeError: Cannot read property 'message' of null
    at Object.callback (/home/oracle/flow/flow/oracle-anki-set-speed.js:117:28)
    at IncomingMessage.<anonymous> (/home/oracle/flow/node_modules/total.js/utils.js:778:12)
    at IncomingMessage.emit (events.js:185:15)
    at IncomingMessage.emit (domain.js:422:20)
    at endReadableNT (_stream_readable.js:1106:12)
    at process._tickCallback (internal/process/next_tick.js:178:19)
======= 2018-05-17 08:49:56: TypeError: Cannot read property 'message' of null TypeError: Cannot read property 'message' of null
    at Object.callback (/home/oracle/flow/flow/oracle-anki-set-speed.js:117:28)
    at IncomingMessage.<anonymous> (/home/oracle/flow/node_modules/total.js/utils.js:778:12)
    at IncomingMessage.emit (events.js:185:15)
    at IncomingMessage.emit (domain.js:422:20)
    at endReadableNT (_stream_readable.js:1106:12)
    at process._tickCallback (internal/process/next_tick.js:178:19)
======= 2018-05-17 15:39:01: TypeError: Cannot read property 'length' of undefined TypeError: Cannot read property 'length' of undefined
    at Component.send (/home/oracle/flow/tmp/flow.package/index.js:792:11)
    at Component.throw (/home/oracle/flow/tmp/flow.package/index.js:1052:14)
    at Component.error (/home/oracle/flow/tmp/flow.package/index.js:952:12)
    at Component.instance.reconfigure (/home/oracle/flow/flow/code.js:81:13)
    at Component.exports.install (/home/oracle/flow/flow/code.js:86:11)
    at /home/oracle/flow/tmp/flow.package/index.js:1313:19
    at Object.FLOW.reset (/home/oracle/flow/tmp/flow.package/index.js:1219:22)
    at Object.FLOW.init (/home/oracle/flow/tmp/flow.package/index.js:1275:7)
    at Object.FLOW.save (/home/oracle/flow/tmp/flow.package/index.js:1428:38)
    at WebSocket.<anonymous> (/home/oracle/flow/tmp/flow.package/index.js:512:9)
======= 2018-05-17 15:39:26: SyntaxError: Unexpected token { in JSON at position 3941 SyntaxError: Unexpected token { in JSON at position 3941
    at JSON.parse (<anonymous>)
    at Framework.F.onParseJSON (/home/oracle/flow/node_modules/total.js/index.js:4991:14)
    at WebSocketClient.$decode (/home/oracle/flow/node_modules/total.js/index.js:13501:60)
    at /home/oracle/flow/node_modules/total.js/index.js:13549:27
    at afterWrite (_stream_writable.js:477:3)
    at onwrite (_stream_writable.js:468:7)
    at InflateRaw.afterTransform (_stream_transform.js:89:3)
    at Zlib.processCallback (zlib.js:588:8)
======= 2018-05-17 15:40:00: SyntaxError: Unexpected token { in JSON at position 3941 SyntaxError: Unexpected token { in JSON at position 3941
    at JSON.parse (<anonymous>)
    at Framework.F.onParseJSON (/home/oracle/flow/node_modules/total.js/index.js:4991:14)
    at WebSocketClient.$decode (/home/oracle/flow/node_modules/total.js/index.js:13501:60)
    at /home/oracle/flow/node_modules/total.js/index.js:13549:27
    at afterWrite (_stream_writable.js:477:3)
    at onwrite (_stream_writable.js:468:7)
    at InflateRaw.afterTransform (_stream_transform.js:89:3)
    at Zlib.processCallback (zlib.js:588:8)
======= 2018-05-17 15:41:07: SyntaxError: Unexpected token { in JSON at position 3941 SyntaxError: Unexpected token { in JSON at position 3941
    at JSON.parse (<anonymous>)
    at Framework.F.onParseJSON (/home/oracle/flow/node_modules/total.js/index.js:4991:14)
    at WebSocketClient.$decode (/home/oracle/flow/node_modules/total.js/index.js:13501:60)
    at /home/oracle/flow/node_modules/total.js/index.js:13549:27
    at afterWrite (_stream_writable.js:477:3)
    at onwrite (_stream_writable.js:468:7)
    at InflateRaw.afterTransform (_stream_transform.js:89:3)
    at Zlib.processCallback (zlib.js:588:8)
======= 2018-05-17 15:41:44: SyntaxError: Unexpected token { in JSON at position 3941 SyntaxError: Unexpected token { in JSON at position 3941
    at JSON.parse (<anonymous>)
    at Framework.F.onParseJSON (/home/oracle/flow/node_modules/total.js/index.js:4991:14)
    at WebSocketClient.$decode (/home/oracle/flow/node_modules/total.js/index.js:13501:60)
    at /home/oracle/flow/node_modules/total.js/index.js:13549:27
    at afterWrite (_stream_writable.js:477:3)
    at onwrite (_stream_writable.js:468:7)
    at InflateRaw.afterTransform (_stream_transform.js:89:3)
    at Zlib.processCallback (zlib.js:588:8)
======= 2018-05-17 15:41:44: SyntaxError: Unexpected token { in JSON at position 3941 SyntaxError: Unexpected token { in JSON at position 3941
    at JSON.parse (<anonymous>)
    at Framework.F.onParseJSON (/home/oracle/flow/node_modules/total.js/index.js:4991:14)
    at WebSocketClient.$decode (/home/oracle/flow/node_modules/total.js/index.js:13501:60)
    at /home/oracle/flow/node_modules/total.js/index.js:13549:27
    at afterWrite (_stream_writable.js:477:3)
    at onwrite (_stream_writable.js:468:7)
    at InflateRaw.afterTransform (_stream_transform.js:89:3)
    at Zlib.processCallback (zlib.js:588:8)
======= 2018-05-17 15:41:46: SyntaxError: Unexpected token { in JSON at position 3941 SyntaxError: Unexpected token { in JSON at position 3941
    at JSON.parse (<anonymous>)
    at Framework.F.onParseJSON (/home/oracle/flow/node_modules/total.js/index.js:4991:14)
    at WebSocketClient.$decode (/home/oracle/flow/node_modules/total.js/index.js:13501:60)
    at /home/oracle/flow/node_modules/total.js/index.js:13549:27
    at afterWrite (_stream_writable.js:477:3)
    at onwrite (_stream_writable.js:468:7)
    at InflateRaw.afterTransform (_stream_transform.js:89:3)
    at Zlib.processCallback (zlib.js:588:8)
======= 2018-05-17 15:41:47: SyntaxError: Unexpected token { in JSON at position 3941 SyntaxError: Unexpected token { in JSON at position 3941
    at JSON.parse (<anonymous>)
    at Framework.F.onParseJSON (/home/oracle/flow/node_modules/total.js/index.js:4991:14)
    at WebSocketClient.$decode (/home/oracle/flow/node_modules/total.js/index.js:13501:60)
    at /home/oracle/flow/node_modules/total.js/index.js:13549:27
    at afterWrite (_stream_writable.js:477:3)
    at onwrite (_stream_writable.js:468:7)
    at InflateRaw.afterTransform (_stream_transform.js:89:3)
    at Zlib.processCallback (zlib.js:588:8)
======= 2018-05-17 15:41:48: SyntaxError: Unexpected token { in JSON at position 3941 SyntaxError: Unexpected token { in JSON at position 3941
    at JSON.parse (<anonymous>)
    at Framework.F.onParseJSON (/home/oracle/flow/node_modules/total.js/index.js:4991:14)
    at WebSocketClient.$decode (/home/oracle/flow/node_modules/total.js/index.js:13501:60)
    at /home/oracle/flow/node_modules/total.js/index.js:13549:27
    at afterWrite (_stream_writable.js:477:3)
    at onwrite (_stream_writable.js:468:7)
    at InflateRaw.afterTransform (_stream_transform.js:89:3)
    at Zlib.processCallback (zlib.js:588:8)
======= 2018-05-17 15:41:51: SyntaxError: Unexpected token { in JSON at position 3941 SyntaxError: Unexpected token { in JSON at position 3941
    at JSON.parse (<anonymous>)
    at Framework.F.onParseJSON (/home/oracle/flow/node_modules/total.js/index.js:4991:14)
    at WebSocketClient.$decode (/home/oracle/flow/node_modules/total.js/index.js:13501:60)
    at /home/oracle/flow/node_modules/total.js/index.js:13549:27
    at afterWrite (_stream_writable.js:477:3)
    at onwrite (_stream_writable.js:468:7)
    at InflateRaw.afterTransform (_stream_transform.js:89:3)
    at Zlib.processCallback (zlib.js:588:8)
======= 2018-05-17 15:41:52: SyntaxError: Unexpected token { in JSON at position 3941 SyntaxError: Unexpected token { in JSON at position 3941
    at JSON.parse (<anonymous>)
    at Framework.F.onParseJSON (/home/oracle/flow/node_modules/total.js/index.js:4991:14)
    at WebSocketClient.$decode (/home/oracle/flow/node_modules/total.js/index.js:13501:60)
    at /home/oracle/flow/node_modules/total.js/index.js:13549:27
    at afterWrite (_stream_writable.js:477:3)
    at onwrite (_stream_writable.js:468:7)
    at InflateRaw.afterTransform (_stream_transform.js:89:3)
    at Zlib.processCallback (zlib.js:588:8)
======= 2018-05-17 15:41:52: SyntaxError: Unexpected token { in JSON at position 3941 SyntaxError: Unexpected token { in JSON at position 3941
    at JSON.parse (<anonymous>)
    at Framework.F.onParseJSON (/home/oracle/flow/node_modules/total.js/index.js:4991:14)
    at WebSocketClient.$decode (/home/oracle/flow/node_modules/total.js/index.js:13501:60)
    at /home/oracle/flow/node_modules/total.js/index.js:13549:27
    at afterWrite (_stream_writable.js:477:3)
    at onwrite (_stream_writable.js:468:7)
    at InflateRaw.afterTransform (_stream_transform.js:89:3)
    at Zlib.processCallback (zlib.js:588:8)
======= 2018-05-17 15:41:53: SyntaxError: Unexpected token { in JSON at position 3941 SyntaxError: Unexpected token { in JSON at position 3941
    at JSON.parse (<anonymous>)
    at Framework.F.onParseJSON (/home/oracle/flow/node_modules/total.js/index.js:4991:14)
    at WebSocketClient.$decode (/home/oracle/flow/node_modules/total.js/index.js:13501:60)
    at /home/oracle/flow/node_modules/total.js/index.js:13549:27
    at afterWrite (_stream_writable.js:477:3)
    at onwrite (_stream_writable.js:468:7)
    at InflateRaw.afterTransform (_stream_transform.js:89:3)
    at Zlib.processCallback (zlib.js:588:8)
======= 2018-05-17 15:41:53: SyntaxError: Unexpected token { in JSON at position 3941 SyntaxError: Unexpected token { in JSON at position 3941
    at JSON.parse (<anonymous>)
    at Framework.F.onParseJSON (/home/oracle/flow/node_modules/total.js/index.js:4991:14)
    at WebSocketClient.$decode (/home/oracle/flow/node_modules/total.js/index.js:13501:60)
    at /home/oracle/flow/node_modules/total.js/index.js:13549:27
    at afterWrite (_stream_writable.js:477:3)
    at onwrite (_stream_writable.js:468:7)
    at InflateRaw.afterTransform (_stream_transform.js:89:3)
    at Zlib.processCallback (zlib.js:588:8)
======= 2018-05-17 15:41:54: SyntaxError: Unexpected token { in JSON at position 3941 SyntaxError: Unexpected token { in JSON at position 3941
    at JSON.parse (<anonymous>)
    at Framework.F.onParseJSON (/home/oracle/flow/node_modules/total.js/index.js:4991:14)
    at WebSocketClient.$decode (/home/oracle/flow/node_modules/total.js/index.js:13501:60)
    at /home/oracle/flow/node_modules/total.js/index.js:13549:27
    at afterWrite (_stream_writable.js:477:3)
    at onwrite (_stream_writable.js:468:7)
    at InflateRaw.afterTransform (_stream_transform.js:89:3)
    at Zlib.processCallback (zlib.js:588:8)
======= 2018-05-17 15:41:54: SyntaxError: Unexpected token { in JSON at position 3941 SyntaxError: Unexpected token { in JSON at position 3941
    at JSON.parse (<anonymous>)
    at Framework.F.onParseJSON (/home/oracle/flow/node_modules/total.js/index.js:4991:14)
    at WebSocketClient.$decode (/home/oracle/flow/node_modules/total.js/index.js:13501:60)
    at /home/oracle/flow/node_modules/total.js/index.js:13549:27
    at afterWrite (_stream_writable.js:477:3)
    at onwrite (_stream_writable.js:468:7)
    at InflateRaw.afterTransform (_stream_transform.js:89:3)
    at Zlib.processCallback (zlib.js:588:8)
======= 2018-05-17 15:42:02: SyntaxError: Unexpected token { in JSON at position 3941 SyntaxError: Unexpected token { in JSON at position 3941
    at JSON.parse (<anonymous>)
    at Framework.F.onParseJSON (/home/oracle/flow/node_modules/total.js/index.js:4991:14)
    at WebSocketClient.$decode (/home/oracle/flow/node_modules/total.js/index.js:13501:60)
    at /home/oracle/flow/node_modules/total.js/index.js:13549:27
    at afterWrite (_stream_writable.js:477:3)
    at onwrite (_stream_writable.js:468:7)
    at InflateRaw.afterTransform (_stream_transform.js:89:3)
    at Zlib.processCallback (zlib.js:588:8)
======= 2018-05-17 15:42:32: SyntaxError: Unexpected token { in JSON at position 3941 SyntaxError: Unexpected token { in JSON at position 3941
    at JSON.parse (<anonymous>)
    at Framework.F.onParseJSON (/home/oracle/flow/node_modules/total.js/index.js:4991:14)
    at WebSocketClient.$decode (/home/oracle/flow/node_modules/total.js/index.js:13501:60)
    at /home/oracle/flow/node_modules/total.js/index.js:13549:27
    at afterWrite (_stream_writable.js:477:3)
    at onwrite (_stream_writable.js:468:7)
    at InflateRaw.afterTransform (_stream_transform.js:89:3)
    at Zlib.processCallback (zlib.js:588:8)
======= 2018-05-17 15:42:34: SyntaxError: Unexpected token { in JSON at position 3941 SyntaxError: Unexpected token { in JSON at position 3941
    at JSON.parse (<anonymous>)
    at Framework.F.onParseJSON (/home/oracle/flow/node_modules/total.js/index.js:4991:14)
    at WebSocketClient.$decode (/home/oracle/flow/node_modules/total.js/index.js:13501:60)
    at /home/oracle/flow/node_modules/total.js/index.js:13549:27
    at afterWrite (_stream_writable.js:477:3)
    at onwrite (_stream_writable.js:468:7)
    at InflateRaw.afterTransform (_stream_transform.js:89:3)
    at Zlib.processCallback (zlib.js:588:8)
======= 2018-05-17 15:42:35: SyntaxError: Unexpected token { in JSON at position 3941 SyntaxError: Unexpected token { in JSON at position 3941
    at JSON.parse (<anonymous>)
    at Framework.F.onParseJSON (/home/oracle/flow/node_modules/total.js/index.js:4991:14)
    at WebSocketClient.$decode (/home/oracle/flow/node_modules/total.js/index.js:13501:60)
    at /home/oracle/flow/node_modules/total.js/index.js:13549:27
    at afterWrite (_stream_writable.js:477:3)
    at onwrite (_stream_writable.js:468:7)
    at InflateRaw.afterTransform (_stream_transform.js:89:3)
    at Zlib.processCallback (zlib.js:588:8)
======= 2018-05-17 15:42:35: SyntaxError: Unexpected token { in JSON at position 3941 SyntaxError: Unexpected token { in JSON at position 3941
    at JSON.parse (<anonymous>)
    at Framework.F.onParseJSON (/home/oracle/flow/node_modules/total.js/index.js:4991:14)
    at WebSocketClient.$decode (/home/oracle/flow/node_modules/total.js/index.js:13501:60)
    at /home/oracle/flow/node_modules/total.js/index.js:13549:27
    at afterWrite (_stream_writable.js:477:3)
    at onwrite (_stream_writable.js:468:7)
    at InflateRaw.afterTransform (_stream_transform.js:89:3)
    at Zlib.processCallback (zlib.js:588:8)
======= 2018-05-17 15:42:41: SyntaxError: Unexpected token { in JSON at position 3941 SyntaxError: Unexpected token { in JSON at position 3941
    at JSON.parse (<anonymous>)
    at Framework.F.onParseJSON (/home/oracle/flow/node_modules/total.js/index.js:4991:14)
    at WebSocketClient.$decode (/home/oracle/flow/node_modules/total.js/index.js:13501:60)
    at /home/oracle/flow/node_modules/total.js/index.js:13549:27
    at afterWrite (_stream_writable.js:477:3)
    at onwrite (_stream_writable.js:468:7)
    at InflateRaw.afterTransform (_stream_transform.js:89:3)
    at Zlib.processCallback (zlib.js:588:8)
======= 2018-05-17 15:42:41: SyntaxError: Unexpected token { in JSON at position 3941 SyntaxError: Unexpected token { in JSON at position 3941
    at JSON.parse (<anonymous>)
    at Framework.F.onParseJSON (/home/oracle/flow/node_modules/total.js/index.js:4991:14)
    at WebSocketClient.$decode (/home/oracle/flow/node_modules/total.js/index.js:13501:60)
    at /home/oracle/flow/node_modules/total.js/index.js:13549:27
    at afterWrite (_stream_writable.js:477:3)
    at onwrite (_stream_writable.js:468:7)
    at InflateRaw.afterTransform (_stream_transform.js:89:3)
    at Zlib.processCallback (zlib.js:588:8)
======= 2018-05-17 15:42:42: SyntaxError: Unexpected token { in JSON at position 3941 SyntaxError: Unexpected token { in JSON at position 3941
    at JSON.parse (<anonymous>)
    at Framework.F.onParseJSON (/home/oracle/flow/node_modules/total.js/index.js:4991:14)
    at WebSocketClient.$decode (/home/oracle/flow/node_modules/total.js/index.js:13501:60)
    at /home/oracle/flow/node_modules/total.js/index.js:13549:27
    at afterWrite (_stream_writable.js:477:3)
    at onwrite (_stream_writable.js:468:7)
    at InflateRaw.afterTransform (_stream_transform.js:89:3)
    at Zlib.processCallback (zlib.js:588:8)
======= 2018-05-17 15:42:45: SyntaxError: Unexpected token { in JSON at position 3941 SyntaxError: Unexpected token { in JSON at position 3941
    at JSON.parse (<anonymous>)
    at Framework.F.onParseJSON (/home/oracle/flow/node_modules/total.js/index.js:4991:14)
    at WebSocketClient.$decode (/home/oracle/flow/node_modules/total.js/index.js:13501:60)
    at /home/oracle/flow/node_modules/total.js/index.js:13549:27
    at afterWrite (_stream_writable.js:477:3)
    at onwrite (_stream_writable.js:468:7)
    at InflateRaw.afterTransform (_stream_transform.js:89:3)
    at Zlib.processCallback (zlib.js:588:8)
======= 2018-05-17 15:42:46: SyntaxError: Unexpected token { in JSON at position 3941 SyntaxError: Unexpected token { in JSON at position 3941
    at JSON.parse (<anonymous>)
    at Framework.F.onParseJSON (/home/oracle/flow/node_modules/total.js/index.js:4991:14)
    at WebSocketClient.$decode (/home/oracle/flow/node_modules/total.js/index.js:13501:60)
    at /home/oracle/flow/node_modules/total.js/index.js:13549:27
    at afterWrite (_stream_writable.js:477:3)
    at onwrite (_stream_writable.js:468:7)
    at InflateRaw.afterTransform (_stream_transform.js:89:3)
    at Zlib.processCallback (zlib.js:588:8)
======= 2018-05-17 15:42:46: SyntaxError: Unexpected token { in JSON at position 3941 SyntaxError: Unexpected token { in JSON at position 3941
    at JSON.parse (<anonymous>)
    at Framework.F.onParseJSON (/home/oracle/flow/node_modules/total.js/index.js:4991:14)
    at WebSocketClient.$decode (/home/oracle/flow/node_modules/total.js/index.js:13501:60)
    at /home/oracle/flow/node_modules/total.js/index.js:13549:27
    at afterWrite (_stream_writable.js:477:3)
    at onwrite (_stream_writable.js:468:7)
    at InflateRaw.afterTransform (_stream_transform.js:89:3)
    at Zlib.processCallback (zlib.js:588:8)
======= 2018-05-17 15:42:47: SyntaxError: Unexpected token { in JSON at position 3941 SyntaxError: Unexpected token { in JSON at position 3941
    at JSON.parse (<anonymous>)
    at Framework.F.onParseJSON (/home/oracle/flow/node_modules/total.js/index.js:4991:14)
    at WebSocketClient.$decode (/home/oracle/flow/node_modules/total.js/index.js:13501:60)
    at /home/oracle/flow/node_modules/total.js/index.js:13549:27
    at afterWrite (_stream_writable.js:477:3)
    at onwrite (_stream_writable.js:468:7)
    at InflateRaw.afterTransform (_stream_transform.js:89:3)
    at Zlib.processCallback (zlib.js:588:8)
======= 2018-05-17 15:44:19: TypeError: Cannot read property 'options' of undefined TypeError: Cannot read property 'options' of undefined
    at make_template (/home/oracle/flow/flow/pagerenderer.js:82:31)
    at Object.instance.custom.reconfigure (/home/oracle/flow/flow/pagerenderer.js:76:12)
    at Framework.<anonymous> (/home/oracle/flow/flow/pagerenderer.js:94:19)
    at Framework.F.emit (/home/oracle/flow/node_modules/total.js/index.js:918:11)
    at global.EMIT (/home/oracle/flow/node_modules/total.js/index.js:394:16)
    at /home/oracle/flow/tmp/flow.package/index.js:1327:3
    at /home/oracle/flow/tmp/flow.package/index.js:1252:15
    at Array.wait.Array.waitFor (/home/oracle/flow/node_modules/total.js/utils.js:4556:16)
    at Immediate.next_wait (/home/oracle/flow/node_modules/total.js/utils.js:4576:7)
    at runCallback (timers.js:764:11)
======= 2018-05-17 15:44:46: TypeError: Cannot read property 'options' of undefined TypeError: Cannot read property 'options' of undefined
    at make_template (/home/oracle/flow/flow/pagerenderer.js:82:31)
    at Object.instance.custom.reconfigure (/home/oracle/flow/flow/pagerenderer.js:76:12)
    at Framework.<anonymous> (/home/oracle/flow/flow/pagerenderer.js:94:19)
    at Framework.F.emit (/home/oracle/flow/node_modules/total.js/index.js:918:11)
    at global.EMIT (/home/oracle/flow/node_modules/total.js/index.js:394:16)
    at /home/oracle/flow/tmp/flow.package/index.js:1327:3
    at /home/oracle/flow/tmp/flow.package/index.js:1252:15
    at Array.wait.Array.waitFor (/home/oracle/flow/node_modules/total.js/utils.js:4556:16)
    at Immediate.next_wait (/home/oracle/flow/node_modules/total.js/utils.js:4576:7)
    at runCallback (timers.js:764:11)
======= 2018-05-17 15:45:00: TypeError: Cannot read property 'options' of undefined TypeError: Cannot read property 'options' of undefined
    at make_template (/home/oracle/flow/flow/pagerenderer.js:82:31)
    at Object.instance.custom.reconfigure (/home/oracle/flow/flow/pagerenderer.js:76:12)
    at Framework.<anonymous> (/home/oracle/flow/flow/pagerenderer.js:94:19)
    at Framework.F.emit (/home/oracle/flow/node_modules/total.js/index.js:918:11)
    at global.EMIT (/home/oracle/flow/node_modules/total.js/index.js:394:16)
    at /home/oracle/flow/tmp/flow.package/index.js:1327:3
    at Object.FLOW.reset (/home/oracle/flow/tmp/flow.package/index.js:1219:22)
    at Object.FLOW.init (/home/oracle/flow/tmp/flow.package/index.js:1275:7)
    at Object.FLOW.save (/home/oracle/flow/tmp/flow.package/index.js:1428:38)
    at WebSocket.<anonymous> (/home/oracle/flow/tmp/flow.package/index.js:512:9)
======= 2018-05-17 15:45:03: SyntaxError: Unexpected token { in JSON at position 3611 SyntaxError: Unexpected token { in JSON at position 3611
    at JSON.parse (<anonymous>)
    at Framework.F.onParseJSON (/home/oracle/flow/node_modules/total.js/index.js:4991:14)
    at WebSocketClient.$decode (/home/oracle/flow/node_modules/total.js/index.js:13501:60)
    at /home/oracle/flow/node_modules/total.js/index.js:13549:27
    at afterWrite (_stream_writable.js:477:3)
    at onwrite (_stream_writable.js:468:7)
    at InflateRaw.afterTransform (_stream_transform.js:89:3)
    at Zlib.processCallback (zlib.js:588:8)
======= 2018-05-17 15:45:03: SyntaxError: Unexpected token { in JSON at position 3611 SyntaxError: Unexpected token { in JSON at position 3611
    at JSON.parse (<anonymous>)
    at Framework.F.onParseJSON (/home/oracle/flow/node_modules/total.js/index.js:4991:14)
    at WebSocketClient.$decode (/home/oracle/flow/node_modules/total.js/index.js:13501:60)
    at /home/oracle/flow/node_modules/total.js/index.js:13549:27
    at afterWrite (_stream_writable.js:477:3)
    at onwrite (_stream_writable.js:468:7)
    at InflateRaw.afterTransform (_stream_transform.js:89:3)
    at Zlib.processCallback (zlib.js:588:8)
======= 2018-05-17 15:45:06: SyntaxError: Unexpected token { in JSON at position 3611 SyntaxError: Unexpected token { in JSON at position 3611
    at JSON.parse (<anonymous>)
    at Framework.F.onParseJSON (/home/oracle/flow/node_modules/total.js/index.js:4991:14)
    at WebSocketClient.$decode (/home/oracle/flow/node_modules/total.js/index.js:13501:60)
    at /home/oracle/flow/node_modules/total.js/index.js:13549:27
    at afterWrite (_stream_writable.js:477:3)
    at onwrite (_stream_writable.js:468:7)
    at InflateRaw.afterTransform (_stream_transform.js:89:3)
    at Zlib.processCallback (zlib.js:588:8)
======= 2018-05-17 15:45:46: TypeError: Cannot read property 'options' of undefined TypeError: Cannot read property 'options' of undefined
    at make_template (/home/oracle/flow/flow/pagerenderer.js:82:31)
    at Object.instance.custom.reconfigure (/home/oracle/flow/flow/pagerenderer.js:76:12)
    at Framework.<anonymous> (/home/oracle/flow/flow/pagerenderer.js:94:19)
    at Framework.F.emit (/home/oracle/flow/node_modules/total.js/index.js:918:11)
    at global.EMIT (/home/oracle/flow/node_modules/total.js/index.js:394:16)
    at /home/oracle/flow/tmp/flow.package/index.js:1327:3
    at Object.FLOW.reset (/home/oracle/flow/tmp/flow.package/index.js:1219:22)
    at Object.FLOW.init (/home/oracle/flow/tmp/flow.package/index.js:1275:7)
    at Object.FLOW.save (/home/oracle/flow/tmp/flow.package/index.js:1428:38)
    at WebSocket.<anonymous> (/home/oracle/flow/tmp/flow.package/index.js:512:9)
======= 2018-05-17 15:48:16: SyntaxError: Unexpected token { in JSON at position 3887 SyntaxError: Unexpected token { in JSON at position 3887
    at JSON.parse (<anonymous>)
    at Framework.F.onParseJSON (/home/oracle/flow/node_modules/total.js/index.js:4991:14)
    at WebSocketClient.$decode (/home/oracle/flow/node_modules/total.js/index.js:13501:60)
    at /home/oracle/flow/node_modules/total.js/index.js:13549:27
    at afterWrite (_stream_writable.js:477:3)
    at onwrite (_stream_writable.js:468:7)
    at InflateRaw.afterTransform (_stream_transform.js:89:3)
    at Zlib.processCallback (zlib.js:588:8)
======= 2018-05-17 15:50:54: SyntaxError: Unexpected token { in JSON at position 3887 SyntaxError: Unexpected token { in JSON at position 3887
    at JSON.parse (<anonymous>)
    at Framework.F.onParseJSON (/home/oracle/flow/node_modules/total.js/index.js:4991:14)
    at WebSocketClient.$decode (/home/oracle/flow/node_modules/total.js/index.js:13501:60)
    at /home/oracle/flow/node_modules/total.js/index.js:13549:27
    at afterWrite (_stream_writable.js:477:3)
    at onwrite (_stream_writable.js:468:7)
    at InflateRaw.afterTransform (_stream_transform.js:89:3)
    at Zlib.processCallback (zlib.js:588:8)
======= 2018-05-17 15:51:29: SyntaxError: Unexpected token { in JSON at position 3887 SyntaxError: Unexpected token { in JSON at position 3887
    at JSON.parse (<anonymous>)
    at Framework.F.onParseJSON (/home/oracle/flow/node_modules/total.js/index.js:4991:14)
    at WebSocketClient.$decode (/home/oracle/flow/node_modules/total.js/index.js:13501:60)
    at /home/oracle/flow/node_modules/total.js/index.js:13549:27
    at afterWrite (_stream_writable.js:477:3)
    at onwrite (_stream_writable.js:468:7)
    at InflateRaw.afterTransform (_stream_transform.js:89:3)
    at Zlib.processCallback (zlib.js:588:8)
======= 2018-05-17 15:52:07: SyntaxError: Unexpected token { in JSON at position 3887 SyntaxError: Unexpected token { in JSON at position 3887
    at JSON.parse (<anonymous>)
    at Framework.F.onParseJSON (/home/oracle/flow/node_modules/total.js/index.js:4991:14)
    at WebSocketClient.$decode (/home/oracle/flow/node_modules/total.js/index.js:13501:60)
    at /home/oracle/flow/node_modules/total.js/index.js:13549:27
    at afterWrite (_stream_writable.js:477:3)
    at onwrite (_stream_writable.js:468:7)
    at InflateRaw.afterTransform (_stream_transform.js:89:3)
    at Zlib.processCallback (zlib.js:588:8)
======= 2018-05-17 15:52:35: SyntaxError: Unexpected token { in JSON at position 3887 SyntaxError: Unexpected token { in JSON at position 3887
    at JSON.parse (<anonymous>)
    at Framework.F.onParseJSON (/home/oracle/flow/node_modules/total.js/index.js:4991:14)
    at WebSocketClient.$decode (/home/oracle/flow/node_modules/total.js/index.js:13501:60)
    at /home/oracle/flow/node_modules/total.js/index.js:13549:27
    at afterWrite (_stream_writable.js:477:3)
    at onwrite (_stream_writable.js:468:7)
    at InflateRaw.afterTransform (_stream_transform.js:89:3)
    at Zlib.processCallback (zlib.js:588:8)
======= 2018-05-17 15:52:35: SyntaxError: Unexpected token { in JSON at position 3887 SyntaxError: Unexpected token { in JSON at position 3887
    at JSON.parse (<anonymous>)
    at Framework.F.onParseJSON (/home/oracle/flow/node_modules/total.js/index.js:4991:14)
    at WebSocketClient.$decode (/home/oracle/flow/node_modules/total.js/index.js:13501:60)
    at /home/oracle/flow/node_modules/total.js/index.js:13549:27
    at afterWrite (_stream_writable.js:477:3)
    at onwrite (_stream_writable.js:468:7)
    at InflateRaw.afterTransform (_stream_transform.js:89:3)
    at Zlib.processCallback (zlib.js:588:8)
======= 2018-05-17 15:52:37: SyntaxError: Unexpected token { in JSON at position 3887 SyntaxError: Unexpected token { in JSON at position 3887
    at JSON.parse (<anonymous>)
    at Framework.F.onParseJSON (/home/oracle/flow/node_modules/total.js/index.js:4991:14)
    at WebSocketClient.$decode (/home/oracle/flow/node_modules/total.js/index.js:13501:60)
    at /home/oracle/flow/node_modules/total.js/index.js:13549:27
    at afterWrite (_stream_writable.js:477:3)
    at onwrite (_stream_writable.js:468:7)
    at InflateRaw.afterTransform (_stream_transform.js:89:3)
    at Zlib.processCallback (zlib.js:588:8)
======= 2018-05-17 15:52:46: TypeError: Cannot read property 'options' of undefined TypeError: Cannot read property 'options' of undefined
    at make_template (/home/oracle/flow/flow/pagerenderer.js:82:31)
    at Object.instance.custom.reconfigure (/home/oracle/flow/flow/pagerenderer.js:76:12)
    at Framework.<anonymous> (/home/oracle/flow/flow/pagerenderer.js:94:19)
    at Framework.F.emit (/home/oracle/flow/node_modules/total.js/index.js:918:11)
    at global.EMIT (/home/oracle/flow/node_modules/total.js/index.js:394:16)
    at /home/oracle/flow/tmp/flow.package/index.js:1327:3
    at Object.FLOW.reset (/home/oracle/flow/tmp/flow.package/index.js:1219:22)
    at Object.FLOW.init (/home/oracle/flow/tmp/flow.package/index.js:1275:7)
    at Object.FLOW.save (/home/oracle/flow/tmp/flow.package/index.js:1428:38)
    at WebSocket.<anonymous> (/home/oracle/flow/tmp/flow.package/index.js:512:9)
======= 2018-05-17 15:52:50: SyntaxError: Unexpected token { in JSON at position 3922 SyntaxError: Unexpected token { in JSON at position 3922
    at JSON.parse (<anonymous>)
    at Framework.F.onParseJSON (/home/oracle/flow/node_modules/total.js/index.js:4991:14)
    at WebSocketClient.$decode (/home/oracle/flow/node_modules/total.js/index.js:13501:60)
    at /home/oracle/flow/node_modules/total.js/index.js:13549:27
    at afterWrite (_stream_writable.js:477:3)
    at onwrite (_stream_writable.js:468:7)
    at InflateRaw.afterTransform (_stream_transform.js:89:3)
    at Zlib.processCallback (zlib.js:588:8)
======= 2018-05-17 15:52:50: SyntaxError: Unexpected token { in JSON at position 3922 SyntaxError: Unexpected token { in JSON at position 3922
    at JSON.parse (<anonymous>)
    at Framework.F.onParseJSON (/home/oracle/flow/node_modules/total.js/index.js:4991:14)
    at WebSocketClient.$decode (/home/oracle/flow/node_modules/total.js/index.js:13501:60)
    at /home/oracle/flow/node_modules/total.js/index.js:13549:27
    at afterWrite (_stream_writable.js:477:3)
    at onwrite (_stream_writable.js:468:7)
    at InflateRaw.afterTransform (_stream_transform.js:89:3)
    at Zlib.processCallback (zlib.js:588:8)
======= 2018-05-17 15:55:02: TypeError: Cannot read property 'options' of undefined TypeError: Cannot read property 'options' of undefined
    at make_template (/home/oracle/flow/flow/pagerenderer.js:82:31)
    at Object.instance.custom.reconfigure (/home/oracle/flow/flow/pagerenderer.js:76:12)
    at Framework.<anonymous> (/home/oracle/flow/flow/pagerenderer.js:94:19)
    at Framework.F.emit (/home/oracle/flow/node_modules/total.js/index.js:918:11)
    at global.EMIT (/home/oracle/flow/node_modules/total.js/index.js:394:16)
    at /home/oracle/flow/tmp/flow.package/index.js:1327:3
    at Object.FLOW.reset (/home/oracle/flow/tmp/flow.package/index.js:1219:22)
    at Object.FLOW.init (/home/oracle/flow/tmp/flow.package/index.js:1275:7)
    at Object.FLOW.save (/home/oracle/flow/tmp/flow.package/index.js:1428:38)
    at WebSocket.<anonymous> (/home/oracle/flow/tmp/flow.package/index.js:512:9)
======= 2018-05-22 22:33:06: TypeError: Cannot read property 'forEach' of undefined TypeError: Cannot read property 'forEach' of undefined
    at /home/oracle/flow/tmp/flow.package/index.js:1461:18
    at Object.FLOW.reset (/home/oracle/flow/tmp/flow.package/index.js:1303:22)
    at Object.FLOW.init_component (/home/oracle/flow/tmp/flow.package/index.js:1459:7)
    at exec (/home/oracle/flow/tmp/flow.package/index.js:1185:9)
    at Object.FLOW.register (/home/oracle/flow/tmp/flow.package/index.js:1193:3)
    at Object.FLOW.execute (/home/oracle/flow/tmp/flow.package/index.js:1623:7)
    at WriteStream.<anonymous> (/home/oracle/flow/tmp/flow.package/index.js:1852:10)
    at WriteStream.emit (events.js:185:15)
    at WriteStream.emit (domain.js:422:20)
    at finishMaybe (_stream_writable.js:636:14)
======= 2018-05-22 22:33:06: TypeError: Cannot read property 'forEach' of undefined TypeError: Cannot read property 'forEach' of undefined
    at /home/oracle/flow/tmp/flow.package/index.js:1461:18
    at Object.FLOW.reset (/home/oracle/flow/tmp/flow.package/index.js:1303:22)
    at Object.FLOW.init_component (/home/oracle/flow/tmp/flow.package/index.js:1459:7)
    at exec (/home/oracle/flow/tmp/flow.package/index.js:1185:9)
    at Object.FLOW.register (/home/oracle/flow/tmp/flow.package/index.js:1193:3)
    at Object.FLOW.execute (/home/oracle/flow/tmp/flow.package/index.js:1623:7)
    at WriteStream.<anonymous> (/home/oracle/flow/tmp/flow.package/index.js:1852:10)
    at WriteStream.emit (events.js:185:15)
    at WriteStream.emit (domain.js:422:20)
    at finishMaybe (_stream_writable.js:636:14)
======= 2018-05-22 22:33:07: TypeError: Cannot read property 'forEach' of undefined TypeError: Cannot read property 'forEach' of undefined
    at /home/oracle/flow/tmp/flow.package/index.js:1461:18
    at Object.FLOW.reset (/home/oracle/flow/tmp/flow.package/index.js:1303:22)
    at Object.FLOW.init_component (/home/oracle/flow/tmp/flow.package/index.js:1459:7)
    at exec (/home/oracle/flow/tmp/flow.package/index.js:1185:9)
    at Object.FLOW.register (/home/oracle/flow/tmp/flow.package/index.js:1193:3)
    at Object.FLOW.execute (/home/oracle/flow/tmp/flow.package/index.js:1623:7)
    at WriteStream.<anonymous> (/home/oracle/flow/tmp/flow.package/index.js:1852:10)
    at WriteStream.emit (events.js:185:15)
    at WriteStream.emit (domain.js:422:20)
    at finishMaybe (_stream_writable.js:636:14)
======= 2018-05-22 22:33:08: TypeError: Cannot read property 'forEach' of undefined TypeError: Cannot read property 'forEach' of undefined
    at /home/oracle/flow/tmp/flow.package/index.js:1461:18
    at Object.FLOW.reset (/home/oracle/flow/tmp/flow.package/index.js:1303:22)
    at Object.FLOW.init_component (/home/oracle/flow/tmp/flow.package/index.js:1459:7)
    at exec (/home/oracle/flow/tmp/flow.package/index.js:1185:9)
    at Object.FLOW.register (/home/oracle/flow/tmp/flow.package/index.js:1193:3)
    at Object.FLOW.execute (/home/oracle/flow/tmp/flow.package/index.js:1623:7)
    at WriteStream.<anonymous> (/home/oracle/flow/tmp/flow.package/index.js:1852:10)
    at WriteStream.emit (events.js:185:15)
    at WriteStream.emit (domain.js:422:20)
    at finishMaybe (_stream_writable.js:636:14)
======= 2018-05-22 22:33:08: TypeError: Cannot read property 'forEach' of undefined TypeError: Cannot read property 'forEach' of undefined
    at /home/oracle/flow/tmp/flow.package/index.js:1461:18
    at Object.FLOW.reset (/home/oracle/flow/tmp/flow.package/index.js:1303:22)
    at Object.FLOW.init_component (/home/oracle/flow/tmp/flow.package/index.js:1459:7)
    at exec (/home/oracle/flow/tmp/flow.package/index.js:1185:9)
    at Object.FLOW.register (/home/oracle/flow/tmp/flow.package/index.js:1193:3)
    at Object.FLOW.execute (/home/oracle/flow/tmp/flow.package/index.js:1623:7)
    at WriteStream.<anonymous> (/home/oracle/flow/tmp/flow.package/index.js:1852:10)
    at WriteStream.emit (events.js:185:15)
    at WriteStream.emit (domain.js:422:20)
    at finishMaybe (_stream_writable.js:636:14)
======= 2018-05-22 22:33:09: TypeError: Cannot read property 'forEach' of undefined TypeError: Cannot read property 'forEach' of undefined
    at /home/oracle/flow/tmp/flow.package/index.js:1461:18
    at Object.FLOW.reset (/home/oracle/flow/tmp/flow.package/index.js:1303:22)
    at Object.FLOW.init_component (/home/oracle/flow/tmp/flow.package/index.js:1459:7)
    at exec (/home/oracle/flow/tmp/flow.package/index.js:1185:9)
    at Object.FLOW.register (/home/oracle/flow/tmp/flow.package/index.js:1193:3)
    at Object.FLOW.execute (/home/oracle/flow/tmp/flow.package/index.js:1623:7)
    at WriteStream.<anonymous> (/home/oracle/flow/tmp/flow.package/index.js:1852:10)
    at WriteStream.emit (events.js:185:15)
    at WriteStream.emit (domain.js:422:20)
    at finishMaybe (_stream_writable.js:636:14)
======= 2018-05-22 22:33:09: TypeError: Cannot read property 'forEach' of undefined TypeError: Cannot read property 'forEach' of undefined
    at /home/oracle/flow/tmp/flow.package/index.js:1461:18
    at Object.FLOW.reset (/home/oracle/flow/tmp/flow.package/index.js:1303:22)
    at Object.FLOW.init_component (/home/oracle/flow/tmp/flow.package/index.js:1459:7)
    at exec (/home/oracle/flow/tmp/flow.package/index.js:1185:9)
    at Object.FLOW.register (/home/oracle/flow/tmp/flow.package/index.js:1193:3)
    at Object.FLOW.execute (/home/oracle/flow/tmp/flow.package/index.js:1623:7)
    at WriteStream.<anonymous> (/home/oracle/flow/tmp/flow.package/index.js:1852:10)
    at WriteStream.emit (events.js:185:15)
    at WriteStream.emit (domain.js:422:20)
    at finishMaybe (_stream_writable.js:636:14)
======= 2018-05-22 22:33:10: TypeError: Cannot read property 'forEach' of undefined TypeError: Cannot read property 'forEach' of undefined
    at /home/oracle/flow/tmp/flow.package/index.js:1461:18
    at Object.FLOW.reset (/home/oracle/flow/tmp/flow.package/index.js:1303:22)
    at Object.FLOW.init_component (/home/oracle/flow/tmp/flow.package/index.js:1459:7)
    at exec (/home/oracle/flow/tmp/flow.package/index.js:1185:9)
    at Object.FLOW.register (/home/oracle/flow/tmp/flow.package/index.js:1193:3)
    at Object.FLOW.execute (/home/oracle/flow/tmp/flow.package/index.js:1623:7)
    at WriteStream.<anonymous> (/home/oracle/flow/tmp/flow.package/index.js:1852:10)
    at WriteStream.emit (events.js:185:15)
    at WriteStream.emit (domain.js:422:20)
    at finishMaybe (_stream_writable.js:636:14)

The IP address and the PORT is already in use.
You must change the PORT's number or IP address.


The IP address and the PORT is already in use.
You must change the PORT's number or IP address.


The IP address and the PORT is already in use.
You must change the PORT's number or IP address.


The IP address and the PORT is already in use.
You must change the PORT's number or IP address.


The IP address and the PORT is already in use.
You must change the PORT's number or IP address.


The IP address and the PORT is already in use.
You must change the PORT's number or IP address.


The IP address and the PORT is already in use.
You must change the PORT's number or IP address.


The IP address and the PORT is already in use.
You must change the PORT's number or IP address.


The IP address and the PORT is already in use.
You must change the PORT's number or IP address.


The IP address and the PORT is already in use.
You must change the PORT's number or IP address.


The IP address and the PORT is already in use.
You must change the PORT's number or IP address.


The IP address and the PORT is already in use.
You must change the PORT's number or IP address.


The IP address and the PORT is already in use.
You must change the PORT's number or IP address.


The IP address and the PORT is already in use.
You must change the PORT's number or IP address.


The IP address and the PORT is already in use.
You must change the PORT's number or IP address.


The IP address and the PORT is already in use.
You must change the PORT's number or IP address.

======= 2018-05-25 09:21:40: TypeError: Cannot read property 'forEach' of undefined TypeError: Cannot read property 'forEach' of undefined
    at /home/oracle/flow/tmp/flow.package/index.js:1461:18
    at Object.FLOW.reset (/home/oracle/flow/tmp/flow.package/index.js:1303:22)
    at Object.FLOW.init_component (/home/oracle/flow/tmp/flow.package/index.js:1459:7)
    at exec (/home/oracle/flow/tmp/flow.package/index.js:1185:9)
    at Array.wait.Array.waitFor (/home/oracle/flow/node_modules/total.js/utils.js:4556:16)
    at Immediate.next_wait (/home/oracle/flow/node_modules/total.js/utils.js:4576:7)
    at runCallback (timers.js:764:11)
    at tryOnImmediate (timers.js:734:5)
    at processImmediate (timers.js:716:5)
    at process.topLevelDomainCallback (domain.js:102:23)
======= 2018-05-25 18:34:16: SyntaxError: missing ) after argument list /home/oracle/flow/flow/alexa-router.js:208
								instance.sendReply(self,'<speak>I'm sorry, there is no help for this module.</speak>','<speak>Hello? Anyone there?</speak>',true);
								                        ^^^^^^^^^^

SyntaxError: missing ) after argument list
    at new Script (vm.js:51:7)
    at createScript (vm.js:136:10)
    at Object.runInThisContext (vm.js:197:10)
    at Module._compile (internal/modules/cjs/loader.js:618:28)
    at Object.Module._extensions..js (internal/modules/cjs/loader.js:665:10)
    at Module.load (internal/modules/cjs/loader.js:566:32)
    at tryModuleLoad (internal/modules/cjs/loader.js:506:12)
    at Function.Module._load (internal/modules/cjs/loader.js:498:3)
    at Module.require (internal/modules/cjs/loader.js:598:17)
    at require (internal/modules/cjs/helpers.js:11:18)
======= 2018-05-30 16:23:40: SyntaxError: missing ) after argument list /home/oracle/flow/flow/alexa-router.js:239
								instance.sendReply(self,'<speak>I don't understand.</speak>','<speak>Hello? Anyone there?</speak>',false);
								                        ^^^^^^^^^^^^^^

SyntaxError: missing ) after argument list
    at new Script (vm.js:51:7)
    at createScript (vm.js:136:10)
    at Object.runInThisContext (vm.js:197:10)
    at Module._compile (internal/modules/cjs/loader.js:618:28)
    at Object.Module._extensions..js (internal/modules/cjs/loader.js:665:10)
    at Module.load (internal/modules/cjs/loader.js:566:32)
    at tryModuleLoad (internal/modules/cjs/loader.js:506:12)
    at Function.Module._load (internal/modules/cjs/loader.js:498:3)
    at Module.require (internal/modules/cjs/loader.js:598:17)
    at require (internal/modules/cjs/helpers.js:11:18)
======= 2018-05-30 16:42:55: SyntaxError: missing ) after argument list /home/oracle/flow/flow/alexa-router.js:239
								instance.sendReply(self,'<speak>I don't understand.</speak>','<speak>Hello? Anyone there?</speak>',false);
								                        ^^^^^^^^^^^^^^

SyntaxError: missing ) after argument list
    at new Script (vm.js:51:7)
    at createScript (vm.js:136:10)
    at Object.runInThisContext (vm.js:197:10)
    at Module._compile (internal/modules/cjs/loader.js:618:28)
    at Object.Module._extensions..js (internal/modules/cjs/loader.js:665:10)
    at Module.load (internal/modules/cjs/loader.js:566:32)
    at tryModuleLoad (internal/modules/cjs/loader.js:506:12)
    at Function.Module._load (internal/modules/cjs/loader.js:498:3)
    at Module.require (internal/modules/cjs/loader.js:598:17)
    at require (internal/modules/cjs/helpers.js:11:18)
======= 2018-05-30 16:45:31: SyntaxError: missing ) after argument list /home/oracle/flow/flow/alexa-router.js:239
								instance.sendReply(self,'<speak>I don't understand.</speak>','<speak>Hello? Anyone there?</speak>',false);
								                        ^^^^^^^^^^^^^^

SyntaxError: missing ) after argument list
    at new Script (vm.js:51:7)
    at createScript (vm.js:136:10)
    at Object.runInThisContext (vm.js:197:10)
    at Module._compile (internal/modules/cjs/loader.js:618:28)
    at Object.Module._extensions..js (internal/modules/cjs/loader.js:665:10)
    at Module.load (internal/modules/cjs/loader.js:566:32)
    at tryModuleLoad (internal/modules/cjs/loader.js:506:12)
    at Function.Module._load (internal/modules/cjs/loader.js:498:3)
    at Module.require (internal/modules/cjs/loader.js:598:17)
    at require (internal/modules/cjs/helpers.js:11:18)
======= 2018-05-30 16:51:23: SyntaxError: missing ) after argument list /home/oracle/flow/flow/alexa-router.js:239
								instance.sendReply(self,'<speak>I don't understand.</speak>','<speak>Hello? Anyone there?</speak>',false);
								                        ^^^^^^^^^^^^^^

SyntaxError: missing ) after argument list
    at new Script (vm.js:51:7)
    at createScript (vm.js:136:10)
    at Object.runInThisContext (vm.js:197:10)
    at Module._compile (internal/modules/cjs/loader.js:618:28)
    at Object.Module._extensions..js (internal/modules/cjs/loader.js:665:10)
    at Module.load (internal/modules/cjs/loader.js:566:32)
    at tryModuleLoad (internal/modules/cjs/loader.js:506:12)
    at Function.Module._load (internal/modules/cjs/loader.js:498:3)
    at Module.require (internal/modules/cjs/loader.js:598:17)
    at require (internal/modules/cjs/helpers.js:11:18)
